2026-06-04 15:32:28.425 | INFO     | app.main:lifespan:27 - \U0001f3e5 CIOS Starting up...
2026-06-04 15:32:28.479 | INFO     | app.main:lifespan:31 - \u2705 Database initialized
2026-06-04 15:32:28.628 | INFO     | app.main:lifespan:39 - \u2705 Default users seeded
2026-06-04 15:32:28.630 | INFO     | app.events.event_bus:subscribe:77 - [EventBus] Subscribed on_patient_created to patient_created
2026-06-04 15:32:28.631 | INFO     | app.events.event_bus:subscribe:77 - [EventBus] Subscribed on_vitals_recorded to vitals_recorded
2026-06-04 15:32:28.641 | INFO     | app.events.event_bus:subscribe:77 - [EventBus] Subscribed on_diagnosis_added to diagnosis_added
2026-06-04 15:32:28.642 | INFO     | app.events.event_bus:subscribe:77 - [EventBus] Subscribed on_lab_result_updated to lab_result_updated
2026-06-04 15:32:28.643 | INFO     | app.events.event_bus:subscribe:77 - [EventBus] Subscribed on_ai_prediction_made to ai_prediction_made
2026-06-04 15:32:28.643 | INFO     | app.events.event_bus:subscribe:77 - [EventBus] Subscribed on_anomaly_detected to ai_anomaly_detected
2026-06-04 15:32:28.644 | INFO     | app.events.event_bus:subscribe:77 - [EventBus] Subscribed on_human_review_required to human_review_required
2026-06-04 15:32:28.644 | INFO     | app.events.event_bus:subscribe:77 - [EventBus] Subscribed on_alert_triggered to alert_triggered
2026-06-04 15:32:28.644 | INFO     | app.events.handlers:register_handlers:19 - [EventBus] All handlers registered
2026-06-04 15:32:28.645 | INFO     | app.events.event_bus:start:87 - [EventBus] Started in-memory event processor
2026-06-04 15:32:28.645 | INFO     | app.main:lifespan:49 - \u2705 Event bus started (in-memory)
2026-06-04 15:32:28.645 | INFO     | app.main:lifespan:56 - \u2705 ICU sync background task started
2026-06-04 15:32:28.646 | INFO     | app.main:lifespan:58 - \U0001f680 CIOS v1.0.0 running — development
2026-06-04 15:32:28.647 | INFO     | app.services.icu_sync:start_icu_sync:71 - Starting ICU sync task (interval=300s)
ERROR:    [Errno 10048] error while attempting to bind on address ('0.0.0.0', 8000): [winerror 10048] only one usage of each socket address (protocol/network address/port) is normally permitted
2026-06-04 15:32:32.716 | INFO     | app.services.icu_sync:start_icu_sync:84 - ICU sync task stopped
2026-06-04 15:32:32.717 | INFO     | app.main:lifespan:70 - \U0001f6d1 CIOS shutting down
